<?xml version="1.0" encoding="utf-8"?><testsuites name="pytest tests"><testsuite name="pytest" errors="0" failures="0" skipped="0" tests="11" time="1.000" timestamp="2026-08-30T09:25:23.570094+00:00" hostname="agent-env-dface8f6-2c90-4e32-87ac-7f28a5c57b1e"><testcase classname="tests.backend_test.TestSubmissions" name="test_text_submission_returns_ok_and_evolves_profile" time="0.426" /><testcase classname="tests.backend_test.TestMissions" name="test_list_missions_returns_three" time="0.281" /><testcase classname="tests.backend_test.TestMissions" name="test_list_missions_types_and_extra_flag" time="0.039" /><testcase classname="tests.backend_test.TestMissions" name="test_get_mission_voice_full_detail" time="0.040" /><testcase classname="tests.backend_test.TestMissions" name="test_get_mission_text_has_questions" time="0.080" /><testcase classname="tests.backend_test.TestSubmissions" name="test_voice_submission_returns_ok_and_evolves" time="0.128" /><testcase classname="tests.backend_test.TestMissions" name="test_get_mission_404" time="0.080" /><testcase classname="tests.backend_test.TestProfile" name="test_profile_five_dimensions_process_gt_outcome" time="0.050" /><testcase classname="tests.backend_test.TestSubmissions" name="test_submission_unknown_mission_404" time="0.081" /><testcase classname="tests.backend_test.TestProfile" name="test_profile_no_mongo_id" time="0.039" /><testcase classname="tests.backend_test.TestHistory" name="test_history_three_items" time="0.045" /></testsuite></testsuites>